-----TI-REX started at Mon Apr 16 2018 21:05:13 GMT-0700 (Pacific Daylight Time)
Tue, 17 Apr 2018 04:05:18 GMT connect deprecated methodOverride: use method-override npm module instead at app.js:540:21
",
        "family": "IPv4",
        "mac": "00:50:56:c0:00:01",
        "internal": false
    }
]
2018-04-17T04:05:13.977Z INFO DAEMON dinfra - [
    "multiple candidate address ignored",
    "Wi-Fi",
    {
        "address": "192.168.233.1",
        "netmask": "255.255.255.0",
        "family": "IPv4",
        "mac": "00:50:56:c0:00:01",
        "internal": false
    }
]
removing old log file tirex-2018-04-09.log
-----TI-REX started at Mon Apr 16 2018 21:05:13 GMT-0700 (Pacific Daylight Time)
TIREX server listening on port 55432
