
**** Build of configuration Debug for project CPE329-P45 ****

"C:\\ti\\ccsv7\\utils\\bin\\gmake" -k -j 8 all -O 
 
'Building file: "../main.c"'
'Invoking: ARM Compiler'
"C:/ti/ccsv7/tools/compiler/ti-cgt-arm_16.9.7.LTS/bin/armcl" -mv7M4 --code_state=16 --float_support=FPv4SPD16 -me --include_path="C:/ti/ccsv7/ccs_base/arm/include" --include_path="C:/ti/ccsv7/ccs_base/arm/include/CMSIS" --include_path="C:/Users/Contovasilis/Desktop/CPE329/CPE329-P45" --include_path="C:/Users/Contovasilis/Desktop/CPE329/utils" --include_path="C:/ti/ccsv7/tools/compiler/ti-cgt-arm_16.9.7.LTS/include" --advice:power=all --define=__MSP432P401R__ --define=FCPU=FREQ_48_MHZ --define=ccs -g --gcc --diag_warning=225 --diag_wrap=off --display_error_number --abi=eabi --preproc_with_compile --preproc_dependency="main.d_raw"  "../main.c"
"../main.c", line 77: warning #179-D: variable "rawdist" was declared but never referenced
"../main.c", line 77: warning #179-D: variable "negnormdist" was declared but never referenced
"../main.c", line 77: warning #179-D: variable "posnormdist" was declared but never referenced
"../main.c", line 77: warning #179-D: variable "avgRead" was declared but never referenced
"../main.c", line 78: warning #179-D: variable "i" was declared but never referenced
"../main.c", line 90: remark #1527-D: (ULP 2.1) Detected SW delay loop using empty loop. Recommend using a timer module instead
"../main.c", line 113: remark #2623-D: (ULP 5.4) Detected an assignment to a type with size less than int. To avoid unnecessary sign extension, use int-sized types for local varaibles and convert to smaller types for static storage.
'Finished building: "../main.c"'
 
'Building target: "CPE329-P45.out"'
'Invoking: ARM Linker'
"C:/ti/ccsv7/tools/compiler/ti-cgt-arm_16.9.7.LTS/bin/armcl" -mv7M4 --code_state=16 --float_support=FPv4SPD16 -me --advice:power=all --define=__MSP432P401R__ --define=FCPU=FREQ_48_MHZ --define=ccs -g --gcc --diag_warning=225 --diag_wrap=off --display_error_number --abi=eabi -z -m"CPE329-P45.map" --heap_size=1024 --stack_size=512 -i"C:/ti/ccsv7/ccs_base/arm/include" -i"C:/ti/ccsv7/tools/compiler/ti-cgt-arm_16.9.7.LTS/lib" -i"C:/ti/ccsv7/tools/compiler/ti-cgt-arm_16.9.7.LTS/include" --reread_libs --diag_wrap=off --display_error_number --warn_sections --xml_link_info="CPE329-P45_linkInfo.xml" --rom_model -o "CPE329-P45.out" "./delay.obj" "./gpio.obj" "./interrupt.obj" "./lcd.obj" "./main.obj" "./startup_msp432p401r_ccs.obj" "./system_msp432p401r.obj" "./timer.obj" "../msp432p401r.cmd"  -llibc.a 
<Linking>
remark #10371-D: (ULP 1.1) Detected no uses of low power mode state changing instructions
remark #10372-D: (ULP 4.1) Detected uninitialized Port 1 in this project. Recommend initializing all unused ports to eliminate wasted current consumption on unused pins.
remark #10372-D: (ULP 4.1) Detected uninitialized Port 2 in this project. Recommend initializing all unused ports to eliminate wasted current consumption on unused pins.
remark #10372-D: (ULP 4.1) Detected uninitialized Port 3 in this project. Recommend initializing all unused ports to eliminate wasted current consumption on unused pins.
remark #10372-D: (ULP 4.1) Detected uninitialized Port 4 in this project. Recommend initializing all unused ports to eliminate wasted current consumption on unused pins.
remark #10372-D: (ULP 4.1) Detected uninitialized Port 5 in this project. Recommend initializing all unused ports to eliminate wasted current consumption on unused pins.
remark #10372-D: (ULP 4.1) Detected uninitialized Port 6 in this project. Recommend initializing all unused ports to eliminate wasted current consumption on unused pins.
remark #10372-D: (ULP 4.1) Detected uninitialized Port 7 in this project. Recommend initializing all unused ports to eliminate wasted current consumption on unused pins.
remark #10372-D: (ULP 4.1) Detected uninitialized Port 8 in this project. Recommend initializing all unused ports to eliminate wasted current consumption on unused pins.
remark #10372-D: (ULP 4.1) Detected uninitialized Port 9 in this project. Recommend initializing all unused ports to eliminate wasted current consumption on unused pins.
remark #10372-D: (ULP 4.1) Detected uninitialized Port 10 in this project. Recommend initializing all unused ports to eliminate wasted current consumption on unused pins.
'Finished building target: "CPE329-P45.out"'
 

**** Build Finished ****
