
**** Build of configuration Debug for project CPE329-A8 ****

"C:\\ti\\ccsv7\\utils\\bin\\gmake" -k -j 8 all -O 
 
'Building file: "../main.c"'
'Invoking: ARM Compiler'
"C:/ti/ccsv7/tools/compiler/ti-cgt-arm_16.9.7.LTS/bin/armcl" -mv7M4 --code_state=16 --float_support=FPv4SPD16 -me --include_path="C:/ti/ccsv7/ccs_base/arm/include" --include_path="C:/ti/ccsv7/ccs_base/arm/include/CMSIS" --include_path="C:/Users/Contovasilis/Desktop/CPE329/CPE329-A8" --include_path="C:/Users/Contovasilis/Desktop/CPE329/utils" --include_path="C:/ti/ccsv7/tools/compiler/ti-cgt-arm_16.9.7.LTS/include" --advice:power="all" --define=__MSP432P401R__ --define=FCPU=FREQ_48_MHZ --define=ccs -g --gcc --diag_warning=225 --diag_wrap=off --display_error_number --abi=eabi --preproc_with_compile --preproc_dependency="main.d_raw"  "../main.c"
'Finished building: "../main.c"'
 
'Building file: "C:/Users/Contovasilis/Desktop/CPE329/utils/uart.c"'
'Invoking: ARM Compiler'
"C:/ti/ccsv7/tools/compiler/ti-cgt-arm_16.9.7.LTS/bin/armcl" -mv7M4 --code_state=16 --float_support=FPv4SPD16 -me --include_path="C:/ti/ccsv7/ccs_base/arm/include" --include_path="C:/ti/ccsv7/ccs_base/arm/include/CMSIS" --include_path="C:/Users/Contovasilis/Desktop/CPE329/CPE329-A8" --include_path="C:/Users/Contovasilis/Desktop/CPE329/utils" --include_path="C:/ti/ccsv7/tools/compiler/ti-cgt-arm_16.9.7.LTS/include" --advice:power="all" --define=__MSP432P401R__ --define=FCPU=FREQ_48_MHZ --define=ccs -g --gcc --diag_warning=225 --diag_wrap=off --display_error_number --abi=eabi --preproc_with_compile --preproc_dependency="uart.d_raw"  "C:/Users/Contovasilis/Desktop/CPE329/utils/uart.c"
"C:/Users/Contovasilis/Desktop/CPE329/utils/uart.c", line 39: warning #179-D: variable "tmp" was declared but never referenced
"C:/Users/Contovasilis/Desktop/CPE329/utils/uart.c", line 61: remark #1528-D: (ULP 3.1) Detected flag polling using EUSCI_A_IFG_TXIFG. Recommend using an interrupt combined with enter LPMx and ISR
"C:/Users/Contovasilis/Desktop/CPE329/utils/uart.c", line 65: remark #1528-D: (ULP 3.1) Detected flag polling using EUSCI_A_IFG_TXIFG. Recommend using an interrupt combined with enter LPMx and ISR
"C:/Users/Contovasilis/Desktop/CPE329/utils/uart.c", line 67: remark #1528-D: (ULP 3.1) Detected flag polling using EUSCI_A_IFG_TXIFG. Recommend using an interrupt combined with enter LPMx and ISR
"C:/Users/Contovasilis/Desktop/CPE329/utils/uart.c", line 56: remark #2623-D: (ULP 5.4) Detected an assignment to a type with size less than int. To avoid unnecessary sign extension, use int-sized types for local varaibles and convert to smaller types for static storage.
"C:/Users/Contovasilis/Desktop/CPE329/utils/uart.c", line 57: remark #2623-D: (ULP 5.4) Detected an assignment to a type with size less than int. To avoid unnecessary sign extension, use int-sized types for local varaibles and convert to smaller types for static storage.
"C:/Users/Contovasilis/Desktop/CPE329/utils/uart.c", line 62: remark #2623-D: (ULP 5.4) Detected an assignment to a type with size less than int. To avoid unnecessary sign extension, use int-sized types for local varaibles and convert to smaller types for static storage.
"C:/Users/Contovasilis/Desktop/CPE329/utils/uart.c", line 56: remark #2623-D: (ULP 5.4) Detected an assignment to a type with size less than int. To avoid unnecessary sign extension, use int-sized types for local varaibles and convert to smaller types for static storage.
"C:/Users/Contovasilis/Desktop/CPE329/utils/uart.c", line 57: remark #2623-D: (ULP 5.4) Detected an assignment to a type with size less than int. To avoid unnecessary sign extension, use int-sized types for local varaibles and convert to smaller types for static storage.
"C:/Users/Contovasilis/Desktop/CPE329/utils/uart.c", line 73: remark #1528-D: (ULP 3.1) Detected flag polling using EUSCI_A_IFG_TXIFG. Recommend using an interrupt combined with enter LPMx and ISR
"C:/Users/Contovasilis/Desktop/CPE329/utils/uart.c", line 83: remark #2623-D: (ULP 5.4) Detected an assignment to a type with size less than int. To avoid unnecessary sign extension, use int-sized types for local varaibles and convert to smaller types for static storage.
'Finished building: "C:/Users/Contovasilis/Desktop/CPE329/utils/uart.c"'
 
'Building target: "CPE329-A8.out"'
'Invoking: ARM Linker'
"C:/ti/ccsv7/tools/compiler/ti-cgt-arm_16.9.7.LTS/bin/armcl" -mv7M4 --code_state=16 --float_support=FPv4SPD16 -me --advice:power="all" --define=__MSP432P401R__ --define=FCPU=FREQ_48_MHZ --define=ccs -g --gcc --diag_warning=225 --diag_wrap=off --display_error_number --abi=eabi -z -m"CPE329-A8.map" --heap_size=1024 --stack_size=512 -i"C:/ti/ccsv7/ccs_base/arm/include" -i"C:/ti/ccsv7/tools/compiler/ti-cgt-arm_16.9.7.LTS/lib" -i"C:/ti/ccsv7/tools/compiler/ti-cgt-arm_16.9.7.LTS/include" --reread_libs --diag_wrap=off --display_error_number --warn_sections --xml_link_info="CPE329-A8_linkInfo.xml" --rom_model -o "CPE329-A8.out" "./delay.obj" "./gpio.obj" "./interrupt.obj" "./main.obj" "./spi.obj" "./startup_msp432p401r_ccs.obj" "./system_msp432p401r.obj" "./uart.obj" "../msp432p401r.cmd"  -llibc.a 
<Linking>
remark #10371-D: (ULP 1.1) Detected no uses of low power mode state changing instructions
remark #10372-D: (ULP 4.1) Detected uninitialized Port 1 in this project. Recommend initializing all unused ports to eliminate wasted current consumption on unused pins.
remark #10372-D: (ULP 4.1) Detected uninitialized Port 2 in this project. Recommend initializing all unused ports to eliminate wasted current consumption on unused pins.
remark #10372-D: (ULP 4.1) Detected uninitialized Port 3 in this project. Recommend initializing all unused ports to eliminate wasted current consumption on unused pins.
remark #10372-D: (ULP 4.1) Detected uninitialized Port 4 in this project. Recommend initializing all unused ports to eliminate wasted current consumption on unused pins.
remark #10372-D: (ULP 4.1) Detected uninitialized Port 5 in this project. Recommend initializing all unused ports to eliminate wasted current consumption on unused pins.
remark #10372-D: (ULP 4.1) Detected uninitialized Port 6 in this project. Recommend initializing all unused ports to eliminate wasted current consumption on unused pins.
remark #10372-D: (ULP 4.1) Detected uninitialized Port 7 in this project. Recommend initializing all unused ports to eliminate wasted current consumption on unused pins.
remark #10372-D: (ULP 4.1) Detected uninitialized Port 8 in this project. Recommend initializing all unused ports to eliminate wasted current consumption on unused pins.
remark #10372-D: (ULP 4.1) Detected uninitialized Port 9 in this project. Recommend initializing all unused ports to eliminate wasted current consumption on unused pins.
remark #10372-D: (ULP 4.1) Detected uninitialized Port 10 in this project. Recommend initializing all unused ports to eliminate wasted current consumption on unused pins.
'Finished building target: "CPE329-A8.out"'
 

**** Build Finished ****
