
**** Build of configuration Debug for project CPE329-A7 ****

"C:\\ti\\ccsv7\\utils\\bin\\gmake" -k -j 8 all -O 
 
'Building file: "../startup_msp432p401r_ccs.c"'
'Invoking: ARM Compiler'
"C:/ti/ccsv7/tools/compiler/ti-cgt-arm_16.9.7.LTS/bin/armcl" -mv7M4 --code_state=16 --float_support=FPv4SPD16 -me --include_path="C:/ti/ccsv7/ccs_base/arm/include" --include_path="C:/ti/ccsv7/ccs_base/arm/include/CMSIS" --include_path="C:/Users/Contovasilis/Desktop/CPE329/CPE329-A7" --include_path="C:/ti/ccsv7/tools/compiler/ti-cgt-arm_16.9.7.LTS/include" --advice:power=all --define=__MSP432P401R__ --define=ccs -g --gcc --diag_warning=225 --diag_wrap=off --display_error_number --abi=eabi --preproc_with_compile --preproc_dependency="startup_msp432p401r_ccs.d_raw"  "../startup_msp432p401r_ccs.c"
'Finished building: "../startup_msp432p401r_ccs.c"'
 
'Building file: "../system_msp432p401r.c"'
'Invoking: ARM Compiler'
"C:/ti/ccsv7/tools/compiler/ti-cgt-arm_16.9.7.LTS/bin/armcl" -mv7M4 --code_state=16 --float_support=FPv4SPD16 -me --include_path="C:/ti/ccsv7/ccs_base/arm/include" --include_path="C:/ti/ccsv7/ccs_base/arm/include/CMSIS" --include_path="C:/Users/Contovasilis/Desktop/CPE329/CPE329-A7" --include_path="C:/ti/ccsv7/tools/compiler/ti-cgt-arm_16.9.7.LTS/include" --advice:power=all --define=__MSP432P401R__ --define=ccs -g --gcc --diag_warning=225 --diag_wrap=off --display_error_number --abi=eabi --preproc_with_compile --preproc_dependency="system_msp432p401r.d_raw"  "../system_msp432p401r.c"
"../system_msp432p401r.c", line 156: remark #2623-D: (ULP 5.4) Detected an assignment to a type with size less than int. To avoid unnecessary sign extension, use int-sized types for local varaibles and convert to smaller types for static storage.
"../system_msp432p401r.c", line 189: remark #2623-D: (ULP 5.4) Detected an assignment to a type with size less than int. To avoid unnecessary sign extension, use int-sized types for local varaibles and convert to smaller types for static storage.
'Finished building: "../system_msp432p401r.c"'
 
'Building file: "../main.c"'
'Invoking: ARM Compiler'
"C:/ti/ccsv7/tools/compiler/ti-cgt-arm_16.9.7.LTS/bin/armcl" -mv7M4 --code_state=16 --float_support=FPv4SPD16 -me --include_path="C:/ti/ccsv7/ccs_base/arm/include" --include_path="C:/ti/ccsv7/ccs_base/arm/include/CMSIS" --include_path="C:/Users/Contovasilis/Desktop/CPE329/CPE329-A7" --include_path="C:/ti/ccsv7/tools/compiler/ti-cgt-arm_16.9.7.LTS/include" --advice:power=all --define=__MSP432P401R__ --define=ccs -g --gcc --diag_warning=225 --diag_wrap=off --display_error_number --abi=eabi --preproc_with_compile --preproc_dependency="main.d_raw"  "../main.c"
"C:/ti/ccsv7/tools/compiler/ti-cgt-arm_16.9.7.LTS/include/_defs.h", line 189 (col. 27): remark #1531-D: (ULP 5.2) Detected floating point operation(s). Recommend moving them to RAM during run time or not using as these are processing/power intensive
"C:/ti/ccsv7/tools/compiler/ti-cgt-arm_16.9.7.LTS/include/_defs.h", line 190 (col. 10): remark #1531-D: (ULP 5.2) Detected floating point operation(s). Recommend moving them to RAM during run time or not using as these are processing/power intensive
"C:/ti/ccsv7/tools/compiler/ti-cgt-arm_16.9.7.LTS/include/_defs.h", line 193 (col. 27): remark #1531-D: (ULP 5.2) Detected floating point operation(s). Recommend moving them to RAM during run time or not using as these are processing/power intensive
"C:/ti/ccsv7/tools/compiler/ti-cgt-arm_16.9.7.LTS/include/_defs.h", line 194 (col. 10): remark #1531-D: (ULP 5.2) Detected floating point operation(s). Recommend moving them to RAM during run time or not using as these are processing/power intensive
"C:/ti/ccsv7/tools/compiler/ti-cgt-arm_16.9.7.LTS/include/_defs.h", line 196 (col. 27): remark #1531-D: (ULP 5.2) Detected floating point operation(s). Recommend moving them to RAM during run time or not using as these are processing/power intensive
"C:/ti/ccsv7/tools/compiler/ti-cgt-arm_16.9.7.LTS/include/_defs.h", line 197 (col. 10): remark #1531-D: (ULP 5.2) Detected floating point operation(s). Recommend moving them to RAM during run time or not using as these are processing/power intensive
"C:/ti/ccsv7/tools/compiler/ti-cgt-arm_16.9.7.LTS/include/_defs.h", line 198 (col. 10): remark #1531-D: (ULP 5.2) Detected floating point operation(s). Recommend moving them to RAM during run time or not using as these are processing/power intensive
"C:/ti/ccsv7/tools/compiler/ti-cgt-arm_16.9.7.LTS/include/_defs.h", line 202 (col. 27): remark #1531-D: (ULP 5.2) Detected floating point operation(s). Recommend moving them to RAM during run time or not using as these are processing/power intensive
"C:/ti/ccsv7/tools/compiler/ti-cgt-arm_16.9.7.LTS/include/_defs.h", line 203 (col. 10): remark #1531-D: (ULP 5.2) Detected floating point operation(s). Recommend moving them to RAM during run time or not using as these are processing/power intensive
"C:/ti/ccsv7/tools/compiler/ti-cgt-arm_16.9.7.LTS/include/_defs.h", line 204 (col. 10): remark #1531-D: (ULP 5.2) Detected floating point operation(s). Recommend moving them to RAM during run time or not using as these are processing/power intensive
"C:/ti/ccsv7/tools/compiler/ti-cgt-arm_16.9.7.LTS/include/_defs.h", line 206 (col. 27): remark #1531-D: (ULP 5.2) Detected floating point operation(s). Recommend moving them to RAM during run time or not using as these are processing/power intensive
"C:/ti/ccsv7/tools/compiler/ti-cgt-arm_16.9.7.LTS/include/_defs.h", line 207 (col. 11): remark #1531-D: (ULP 5.2) Detected floating point operation(s). Recommend moving them to RAM during run time or not using as these are processing/power intensive
"C:/ti/ccsv7/tools/compiler/ti-cgt-arm_16.9.7.LTS/include/_defs.h", line 208 (col. 11): remark #1531-D: (ULP 5.2) Detected floating point operation(s). Recommend moving them to RAM during run time or not using as these are processing/power intensive
"C:/ti/ccsv7/tools/compiler/ti-cgt-arm_16.9.7.LTS/include/_defs.h", line 214 (col. 27): remark #1531-D: (ULP 5.2) Detected floating point operation(s). Recommend moving them to RAM during run time or not using as these are processing/power intensive
"C:/ti/ccsv7/tools/compiler/ti-cgt-arm_16.9.7.LTS/include/_defs.h", line 215 (col. 11): remark #1531-D: (ULP 5.2) Detected floating point operation(s). Recommend moving them to RAM during run time or not using as these are processing/power intensive
"C:/ti/ccsv7/tools/compiler/ti-cgt-arm_16.9.7.LTS/include/_defs.h", line 216 (col. 11): remark #1531-D: (ULP 5.2) Detected floating point operation(s). Recommend moving them to RAM during run time or not using as these are processing/power intensive
"C:/ti/ccsv7/tools/compiler/ti-cgt-arm_16.9.7.LTS/include/_defs.h", line 218 (col. 27): remark #1531-D: (ULP 5.2) Detected floating point operation(s). Recommend moving them to RAM during run time or not using as these are processing/power intensive
"C:/ti/ccsv7/tools/compiler/ti-cgt-arm_16.9.7.LTS/include/_defs.h", line 219 (col. 10): remark #1531-D: (ULP 5.2) Detected floating point operation(s). Recommend moving them to RAM during run time or not using as these are processing/power intensive
"C:/ti/ccsv7/tools/compiler/ti-cgt-arm_16.9.7.LTS/include/_defs.h", line 222 (col. 27): remark #1531-D: (ULP 5.2) Detected floating point operation(s). Recommend moving them to RAM during run time or not using as these are processing/power intensive
"C:/ti/ccsv7/tools/compiler/ti-cgt-arm_16.9.7.LTS/include/_defs.h", line 223 (col. 10): remark #1531-D: (ULP 5.2) Detected floating point operation(s). Recommend moving them to RAM during run time or not using as these are processing/power intensive
"C:/ti/ccsv7/tools/compiler/ti-cgt-arm_16.9.7.LTS/include/_defs.h", line 231 (col. 27): remark #1531-D: (ULP 5.2) Detected floating point operation(s). Recommend moving them to RAM during run time or not using as these are processing/power intensive
"C:/ti/ccsv7/tools/compiler/ti-cgt-arm_16.9.7.LTS/include/_defs.h", line 232 (col. 10): remark #1531-D: (ULP 5.2) Detected floating point operation(s). Recommend moving them to RAM during run time or not using as these are processing/power intensive
"C:/ti/ccsv7/tools/compiler/ti-cgt-arm_16.9.7.LTS/include/_defs.h", line 233 (col. 27): remark #1531-D: (ULP 5.2) Detected floating point operation(s). Recommend moving them to RAM during run time or not using as these are processing/power intensive
"C:/ti/ccsv7/tools/compiler/ti-cgt-arm_16.9.7.LTS/include/_defs.h", line 234 (col. 10): remark #1531-D: (ULP 5.2) Detected floating point operation(s). Recommend moving them to RAM during run time or not using as these are processing/power intensive
"C:/ti/ccsv7/tools/compiler/ti-cgt-arm_16.9.7.LTS/include/_defs.h", line 260 (col. 27): remark #1531-D: (ULP 5.2) Detected floating point operation(s). Recommend moving them to RAM during run time or not using as these are processing/power intensive
"C:/ti/ccsv7/tools/compiler/ti-cgt-arm_16.9.7.LTS/include/_defs.h", line 262 (col. 9): remark #1531-D: (ULP 5.2) Detected floating point operation(s). Recommend moving them to RAM during run time or not using as these are processing/power intensive
"C:/ti/ccsv7/tools/compiler/ti-cgt-arm_16.9.7.LTS/include/_defs.h", line 264 (col. 13): remark #1531-D: (ULP 5.2) Detected floating point operation(s). Recommend moving them to RAM during run time or not using as these are processing/power intensive
"C:/ti/ccsv7/tools/compiler/ti-cgt-arm_16.9.7.LTS/include/_defs.h", line 268 (col. 9): remark #1531-D: (ULP 5.2) Detected floating point operation(s). Recommend moving them to RAM during run time or not using as these are processing/power intensive
"C:/ti/ccsv7/tools/compiler/ti-cgt-arm_16.9.7.LTS/include/_defs.h", line 270 (col. 13): remark #1531-D: (ULP 5.2) Detected floating point operation(s). Recommend moving them to RAM during run time or not using as these are processing/power intensive
"C:/ti/ccsv7/tools/compiler/ti-cgt-arm_16.9.7.LTS/include/_defs.h", line 277 (col. 27): remark #1531-D: (ULP 5.2) Detected floating point operation(s). Recommend moving them to RAM during run time or not using as these are processing/power intensive
"C:/ti/ccsv7/tools/compiler/ti-cgt-arm_16.9.7.LTS/include/_defs.h", line 279 (col. 9): remark #1531-D: (ULP 5.2) Detected floating point operation(s). Recommend moving them to RAM during run time or not using as these are processing/power intensive
"C:/ti/ccsv7/tools/compiler/ti-cgt-arm_16.9.7.LTS/include/_defs.h", line 281 (col. 13): remark #1531-D: (ULP 5.2) Detected floating point operation(s). Recommend moving them to RAM during run time or not using as these are processing/power intensive
"C:/ti/ccsv7/tools/compiler/ti-cgt-arm_16.9.7.LTS/include/_defs.h", line 285 (col. 9): remark #1531-D: (ULP 5.2) Detected floating point operation(s). Recommend moving them to RAM during run time or not using as these are processing/power intensive
"C:/ti/ccsv7/tools/compiler/ti-cgt-arm_16.9.7.LTS/include/_defs.h", line 287 (col. 13): remark #1531-D: (ULP 5.2) Detected floating point operation(s). Recommend moving them to RAM during run time or not using as these are processing/power intensive
"../main.c", line 18 (col. 13): remark #1531-D: (ULP 5.2) Detected floating point operation(s). Recommend moving them to RAM during run time or not using as these are processing/power intensive
"../main.c", line 23 (col. 16): remark #1531-D: (ULP 5.2) Detected floating point operation(s). Recommend moving them to RAM during run time or not using as these are processing/power intensive
"../main.c", line 25 (col. 8): remark #1531-D: (ULP 5.2) Detected floating point operation(s). Recommend moving them to RAM during run time or not using as these are processing/power intensive
"../main.c", line 29 (col. 13): remark #1531-D: (ULP 5.2) Detected floating point operation(s). Recommend moving them to RAM during run time or not using as these are processing/power intensive
'Finished building: "../main.c"'
 
'Building target: "CPE329-A7.out"'
'Invoking: ARM Linker'
"C:/ti/ccsv7/tools/compiler/ti-cgt-arm_16.9.7.LTS/bin/armcl" -mv7M4 --code_state=16 --float_support=FPv4SPD16 -me --advice:power=all --define=__MSP432P401R__ --define=ccs -g --gcc --diag_warning=225 --diag_wrap=off --display_error_number --abi=eabi -z -m"CPE329-A7.map" --heap_size=1024 --stack_size=512 -i"C:/ti/ccsv7/ccs_base/arm/include" -i"C:/ti/ccsv7/tools/compiler/ti-cgt-arm_16.9.7.LTS/lib" -i"C:/ti/ccsv7/tools/compiler/ti-cgt-arm_16.9.7.LTS/include" --reread_libs --diag_wrap=off --display_error_number --warn_sections --xml_link_info="CPE329-A7_linkInfo.xml" --rom_model -o "CPE329-A7.out" "./main.obj" "./startup_msp432p401r_ccs.obj" "./system_msp432p401r.obj" "../msp432p401r.cmd"  -llibc.a 
<Linking>
remark #10371-D: (ULP 1.1) Detected no uses of low power mode state changing instructions
remark #10372-D: (ULP 4.1) Detected uninitialized Port 1 in this project. Recommend initializing all unused ports to eliminate wasted current consumption on unused pins.
remark #10372-D: (ULP 4.1) Detected uninitialized Port 2 in this project. Recommend initializing all unused ports to eliminate wasted current consumption on unused pins.
remark #10372-D: (ULP 4.1) Detected uninitialized Port 3 in this project. Recommend initializing all unused ports to eliminate wasted current consumption on unused pins.
remark #10372-D: (ULP 4.1) Detected uninitialized Port 4 in this project. Recommend initializing all unused ports to eliminate wasted current consumption on unused pins.
remark #10372-D: (ULP 4.1) Detected uninitialized Port 5 in this project. Recommend initializing all unused ports to eliminate wasted current consumption on unused pins.
remark #10372-D: (ULP 4.1) Detected uninitialized Port 6 in this project. Recommend initializing all unused ports to eliminate wasted current consumption on unused pins.
remark #10372-D: (ULP 4.1) Detected uninitialized Port 7 in this project. Recommend initializing all unused ports to eliminate wasted current consumption on unused pins.
remark #10372-D: (ULP 4.1) Detected uninitialized Port 8 in this project. Recommend initializing all unused ports to eliminate wasted current consumption on unused pins.
remark #10372-D: (ULP 4.1) Detected uninitialized Port 9 in this project. Recommend initializing all unused ports to eliminate wasted current consumption on unused pins.
remark #10372-D: (ULP 4.1) Detected uninitialized Port 10 in this project. Recommend initializing all unused ports to eliminate wasted current consumption on unused pins.
'Finished building target: "CPE329-A7.out"'
 

**** Build Finished ****
