
**** Build of configuration Debug for project CPE329-A4 ****

"C:\\ti\\ccsv7\\utils\\bin\\gmake" -k -j 8 all -O 
 
'Building file: "C:/Users/Contovasilis/Desktop/CPE329/utils/delay.c"'
'Invoking: ARM Compiler'
"C:/ti/ccsv7/tools/compiler/ti-cgt-arm_16.9.7.LTS/bin/armcl" -mv7M4 --code_state=16 --float_support=FPv4SPD16 -me --include_path="C:/ti/ccsv7/ccs_base/arm/include" --include_path="C:/ti/ccsv7/ccs_base/arm/include/CMSIS" --include_path="C:/Users/Contovasilis/Desktop/CPE329/CPE329-A4" --include_path="C:/Users/Contovasilis/Desktop/CPE329/CPE329_A2" --include_path="C:/Users/Contovasilis/Desktop/CPE329/CPE329-A3" --include_path="C:/Users/Contovasilis/Desktop/CPE329/utils" --include_path="C:/ti/ccsv7/tools/compiler/ti-cgt-arm_16.9.7.LTS/include" --advice:power=all --define=__MSP432P401R__ --define=ccs -g --gcc --diag_warning=225 --diag_wrap=off --display_error_number --abi=eabi --preproc_with_compile --preproc_dependency="delay.d_raw"  "C:/Users/Contovasilis/Desktop/CPE329/utils/delay.c"

>> Compilation failure
subdir_rules.mk:9: recipe for target 'delay.obj' failed
"C:/Users/Contovasilis/Desktop/CPE329/utils/delay.c", line 11: error #20: identifier "FCPU" is undefined
"C:/Users/Contovasilis/Desktop/CPE329/utils/delay.c", line 20: error #20: identifier "FCPU" is undefined
"C:/Users/Contovasilis/Desktop/CPE329/utils/delay.c", line 33: remark #1528-D: (ULP 3.1) Detected flag polling using PCM_CTL1_PMR_BUSY. Recommend using an interrupt combined with enter LPMx and ISR
"C:/Users/Contovasilis/Desktop/CPE329/utils/delay.c", line 35: remark #1528-D: (ULP 3.1) Detected flag polling using PCM_CTL1_PMR_BUSY. Recommend using an interrupt combined with enter LPMx and ISR
"C:/Users/Contovasilis/Desktop/CPE329/utils/delay.c", line 42: remark #1528-D: (ULP 3.1) Detected flag polling using CS_IFG_HFXTIFG. Recommend using an interrupt combined with enter LPMx and ISR
"C:/Users/Contovasilis/Desktop/CPE329/utils/delay.c", line 71: remark #1528-D: (ULP 3.1) Detected flag polling using PCM_CTL1_PMR_BUSY. Recommend using an interrupt combined with enter LPMx and ISR
"C:/Users/Contovasilis/Desktop/CPE329/utils/delay.c", line 73: remark #1528-D: (ULP 3.1) Detected flag polling using PCM_CTL1_PMR_BUSY. Recommend using an interrupt combined with enter LPMx and ISR
2 errors detected in the compilation of "C:/Users/Contovasilis/Desktop/CPE329/utils/delay.c".
gmake: *** [delay.obj] Error 1
'Building file: "../startup_msp432p401r_ccs.c"'
'Invoking: ARM Compiler'
"C:/ti/ccsv7/tools/compiler/ti-cgt-arm_16.9.7.LTS/bin/armcl" -mv7M4 --code_state=16 --float_support=FPv4SPD16 -me --include_path="C:/ti/ccsv7/ccs_base/arm/include" --include_path="C:/ti/ccsv7/ccs_base/arm/include/CMSIS" --include_path="C:/Users/Contovasilis/Desktop/CPE329/CPE329-A4" --include_path="C:/Users/Contovasilis/Desktop/CPE329/CPE329_A2" --include_path="C:/Users/Contovasilis/Desktop/CPE329/CPE329-A3" --include_path="C:/Users/Contovasilis/Desktop/CPE329/utils" --include_path="C:/ti/ccsv7/tools/compiler/ti-cgt-arm_16.9.7.LTS/include" --advice:power=all --define=__MSP432P401R__ --define=ccs -g --gcc --diag_warning=225 --diag_wrap=off --display_error_number --abi=eabi --preproc_with_compile --preproc_dependency="startup_msp432p401r_ccs.d_raw"  "../startup_msp432p401r_ccs.c"
'Finished building: "../startup_msp432p401r_ccs.c"'
 
'Building file: "C:/Users/Contovasilis/Desktop/CPE329/utils/interrupt.c"'
'Invoking: ARM Compiler'
"C:/ti/ccsv7/tools/compiler/ti-cgt-arm_16.9.7.LTS/bin/armcl" -mv7M4 --code_state=16 --float_support=FPv4SPD16 -me --include_path="C:/ti/ccsv7/ccs_base/arm/include" --include_path="C:/ti/ccsv7/ccs_base/arm/include/CMSIS" --include_path="C:/Users/Contovasilis/Desktop/CPE329/CPE329-A4" --include_path="C:/Users/Contovasilis/Desktop/CPE329/CPE329_A2" --include_path="C:/Users/Contovasilis/Desktop/CPE329/CPE329-A3" --include_path="C:/Users/Contovasilis/Desktop/CPE329/utils" --include_path="C:/ti/ccsv7/tools/compiler/ti-cgt-arm_16.9.7.LTS/include" --advice:power=all --define=__MSP432P401R__ --define=ccs -g --gcc --diag_warning=225 --diag_wrap=off --display_error_number --abi=eabi --preproc_with_compile --preproc_dependency="interrupt.d_raw"  "C:/Users/Contovasilis/Desktop/CPE329/utils/interrupt.c"
'Finished building: "C:/Users/Contovasilis/Desktop/CPE329/utils/interrupt.c"'
 
'Building file: "C:/Users/Contovasilis/Desktop/CPE329/utils/keypad.c"'
'Invoking: ARM Compiler'
"C:/ti/ccsv7/tools/compiler/ti-cgt-arm_16.9.7.LTS/bin/armcl" -mv7M4 --code_state=16 --float_support=FPv4SPD16 -me --include_path="C:/ti/ccsv7/ccs_base/arm/include" --include_path="C:/ti/ccsv7/ccs_base/arm/include/CMSIS" --include_path="C:/Users/Contovasilis/Desktop/CPE329/CPE329-A4" --include_path="C:/Users/Contovasilis/Desktop/CPE329/CPE329_A2" --include_path="C:/Users/Contovasilis/Desktop/CPE329/CPE329-A3" --include_path="C:/Users/Contovasilis/Desktop/CPE329/utils" --include_path="C:/ti/ccsv7/tools/compiler/ti-cgt-arm_16.9.7.LTS/include" --advice:power=all --define=__MSP432P401R__ --define=ccs -g --gcc --diag_warning=225 --diag_wrap=off --display_error_number --abi=eabi --preproc_with_compile --preproc_dependency="keypad.d_raw"  "C:/Users/Contovasilis/Desktop/CPE329/utils/keypad.c"
"C:/Users/Contovasilis/Desktop/CPE329/utils/keypad.c", line 13: warning #190-D: enumerated type mixed with another type
"C:/Users/Contovasilis/Desktop/CPE329/utils/keypad.c", line 19: warning #190-D: enumerated type mixed with another type
"C:/Users/Contovasilis/Desktop/CPE329/utils/keypad.c", line 47: remark #2623-D: (ULP 5.4) Detected an assignment to a type with size less than int. To avoid unnecessary sign extension, use int-sized types for local varaibles and convert to smaller types for static storage.
'Finished building: "C:/Users/Contovasilis/Desktop/CPE329/utils/keypad.c"'
 
'Building file: "../main.c"'
'Invoking: ARM Compiler'
"C:/ti/ccsv7/tools/compiler/ti-cgt-arm_16.9.7.LTS/bin/armcl" -mv7M4 --code_state=16 --float_support=FPv4SPD16 -me --include_path="C:/ti/ccsv7/ccs_base/arm/include" --include_path="C:/ti/ccsv7/ccs_base/arm/include/CMSIS" --include_path="C:/Users/Contovasilis/Desktop/CPE329/CPE329-A4" --include_path="C:/Users/Contovasilis/Desktop/CPE329/CPE329_A2" --include_path="C:/Users/Contovasilis/Desktop/CPE329/CPE329-A3" --include_path="C:/Users/Contovasilis/Desktop/CPE329/utils" --include_path="C:/ti/ccsv7/tools/compiler/ti-cgt-arm_16.9.7.LTS/include" --advice:power=all --define=__MSP432P401R__ --define=ccs -g --gcc --diag_warning=225 --diag_wrap=off --display_error_number --abi=eabi --preproc_with_compile --preproc_dependency="main.d_raw"  "../main.c"
'Finished building: "../main.c"'
 
'Building file: "C:/Users/Contovasilis/Desktop/CPE329/utils/gpio.c"'
'Invoking: ARM Compiler'
"C:/ti/ccsv7/tools/compiler/ti-cgt-arm_16.9.7.LTS/bin/armcl" -mv7M4 --code_state=16 --float_support=FPv4SPD16 -me --include_path="C:/ti/ccsv7/ccs_base/arm/include" --include_path="C:/ti/ccsv7/ccs_base/arm/include/CMSIS" --include_path="C:/Users/Contovasilis/Desktop/CPE329/CPE329-A4" --include_path="C:/Users/Contovasilis/Desktop/CPE329/CPE329_A2" --include_path="C:/Users/Contovasilis/Desktop/CPE329/CPE329-A3" --include_path="C:/Users/Contovasilis/Desktop/CPE329/utils" --include_path="C:/ti/ccsv7/tools/compiler/ti-cgt-arm_16.9.7.LTS/include" --advice:power=all --define=__MSP432P401R__ --define=ccs -g --gcc --diag_warning=225 --diag_wrap=off --display_error_number --abi=eabi --preproc_with_compile --preproc_dependency="gpio.d_raw"  "C:/Users/Contovasilis/Desktop/CPE329/utils/gpio.c"
'Finished building: "C:/Users/Contovasilis/Desktop/CPE329/utils/gpio.c"'
 
'Building file: "../system_msp432p401r.c"'
'Invoking: ARM Compiler'
"C:/ti/ccsv7/tools/compiler/ti-cgt-arm_16.9.7.LTS/bin/armcl" -mv7M4 --code_state=16 --float_support=FPv4SPD16 -me --include_path="C:/ti/ccsv7/ccs_base/arm/include" --include_path="C:/ti/ccsv7/ccs_base/arm/include/CMSIS" --include_path="C:/Users/Contovasilis/Desktop/CPE329/CPE329-A4" --include_path="C:/Users/Contovasilis/Desktop/CPE329/CPE329_A2" --include_path="C:/Users/Contovasilis/Desktop/CPE329/CPE329-A3" --include_path="C:/Users/Contovasilis/Desktop/CPE329/utils" --include_path="C:/ti/ccsv7/tools/compiler/ti-cgt-arm_16.9.7.LTS/include" --advice:power=all --define=__MSP432P401R__ --define=ccs -g --gcc --diag_warning=225 --diag_wrap=off --display_error_number --abi=eabi --preproc_with_compile --preproc_dependency="system_msp432p401r.d_raw"  "../system_msp432p401r.c"
"../system_msp432p401r.c", line 156: remark #2623-D: (ULP 5.4) Detected an assignment to a type with size less than int. To avoid unnecessary sign extension, use int-sized types for local varaibles and convert to smaller types for static storage.
"../system_msp432p401r.c", line 189: remark #2623-D: (ULP 5.4) Detected an assignment to a type with size less than int. To avoid unnecessary sign extension, use int-sized types for local varaibles and convert to smaller types for static storage.
'Finished building: "../system_msp432p401r.c"'
 
'Building file: "C:/Users/Contovasilis/Desktop/CPE329/utils/lcd.c"'
'Invoking: ARM Compiler'
"C:/ti/ccsv7/tools/compiler/ti-cgt-arm_16.9.7.LTS/bin/armcl" -mv7M4 --code_state=16 --float_support=FPv4SPD16 -me --include_path="C:/ti/ccsv7/ccs_base/arm/include" --include_path="C:/ti/ccsv7/ccs_base/arm/include/CMSIS" --include_path="C:/Users/Contovasilis/Desktop/CPE329/CPE329-A4" --include_path="C:/Users/Contovasilis/Desktop/CPE329/CPE329_A2" --include_path="C:/Users/Contovasilis/Desktop/CPE329/CPE329-A3" --include_path="C:/Users/Contovasilis/Desktop/CPE329/utils" --include_path="C:/ti/ccsv7/tools/compiler/ti-cgt-arm_16.9.7.LTS/include" --advice:power=all --define=__MSP432P401R__ --define=ccs -g --gcc --diag_warning=225 --diag_wrap=off --display_error_number --abi=eabi --preproc_with_compile --preproc_dependency="lcd.d_raw"  "C:/Users/Contovasilis/Desktop/CPE329/utils/lcd.c"
"C:/Users/Contovasilis/Desktop/CPE329/utils/lcd.c", line 95: remark #1527-D: (ULP 2.1) Detected SW delay loop using empty loop. Recommend using a timer module instead
"C:/Users/Contovasilis/Desktop/CPE329/utils/lcd.c", line 160: remark #1532-D: (ULP 5.3) Detected sprintf() operation(s). Recommend moving them to RAM during run time or not using as these are processing/power intensive
"C:/Users/Contovasilis/Desktop/CPE329/utils/lcd.c", line 166: remark #1532-D: (ULP 5.3) Detected sprintf() operation(s). Recommend moving them to RAM during run time or not using as these are processing/power intensive
"C:/Users/Contovasilis/Desktop/CPE329/utils/lcd.c", line 178: remark #2623-D: (ULP 5.4) Detected an assignment to a type with size less than int. To avoid unnecessary sign extension, use int-sized types for local varaibles and convert to smaller types for static storage.
'Finished building: "C:/Users/Contovasilis/Desktop/CPE329/utils/lcd.c"'
 
gmake: Target 'all' not remade because of errors.

**** Build Finished ****
